-------------------------------------------------------------------------------
Test set: com.eason.transfer.openapi.user.ServiceTransferOpenApiApplicationTests
-------------------------------------------------------------------------------
Tests run: 3, Failures: 0, Errors: 3, Skipped: 0, Time elapsed: 26.676 s <<< FAILURE! - in com.eason.transfer.openapi.user.ServiceTransferOpenApiApplicationTests
contextLoads1  Time elapsed: 0.001 s  <<< ERROR!
java.lang.IllegalStateException: Failed to load ApplicationContext
Caused by: org.springframework.beans.factory.UnsatisfiedDependencyException: Error creating bean with name 'codeMgrImpl': Unsatisfied dependency expressed through field 'stringRedisTemplate'; nested exception is org.springframework.beans.factory.BeanCreationException: Error creating bean with name 'stringRedisTemplate' defined in class path resource [com/eason/transfer/openapi/user/config/RedisFactoryConfig.class]: Unexpected exception during bean creation; nested exception is java.lang.IllegalArgumentException: Could not resolve placeholder 'spring.redis.host' in value "${spring.redis.host}"
Caused by: org.springframework.beans.factory.BeanCreationException: Error creating bean with name 'stringRedisTemplate' defined in class path resource [com/eason/transfer/openapi/user/config/RedisFactoryConfig.class]: Unexpected exception during bean creation; nested exception is java.lang.IllegalArgumentException: Could not resolve placeholder 'spring.redis.host' in value "${spring.redis.host}"
Caused by: java.lang.IllegalArgumentException: Could not resolve placeholder 'spring.redis.host' in value "${spring.redis.host}"

contextLoads2  Time elapsed: 0 s  <<< ERROR!
java.lang.IllegalStateException: Failed to load ApplicationContext
Caused by: org.springframework.beans.factory.UnsatisfiedDependencyException: Error creating bean with name 'codeMgrImpl': Unsatisfied dependency expressed through field 'stringRedisTemplate'; nested exception is org.springframework.beans.factory.BeanCreationException: Error creating bean with name 'stringRedisTemplate' defined in class path resource [com/eason/transfer/openapi/user/config/RedisFactoryConfig.class]: Unexpected exception during bean creation; nested exception is java.lang.IllegalArgumentException: Could not resolve placeholder 'spring.redis.host' in value "${spring.redis.host}"
Caused by: org.springframework.beans.factory.BeanCreationException: Error creating bean with name 'stringRedisTemplate' defined in class path resource [com/eason/transfer/openapi/user/config/RedisFactoryConfig.class]: Unexpected exception during bean creation; nested exception is java.lang.IllegalArgumentException: Could not resolve placeholder 'spring.redis.host' in value "${spring.redis.host}"
Caused by: java.lang.IllegalArgumentException: Could not resolve placeholder 'spring.redis.host' in value "${spring.redis.host}"

contextLoads3  Time elapsed: 0 s  <<< ERROR!
java.lang.IllegalStateException: Failed to load ApplicationContext
Caused by: org.springframework.beans.factory.UnsatisfiedDependencyException: Error creating bean with name 'codeMgrImpl': Unsatisfied dependency expressed through field 'stringRedisTemplate'; nested exception is org.springframework.beans.factory.BeanCreationException: Error creating bean with name 'stringRedisTemplate' defined in class path resource [com/eason/transfer/openapi/user/config/RedisFactoryConfig.class]: Unexpected exception during bean creation; nested exception is java.lang.IllegalArgumentException: Could not resolve placeholder 'spring.redis.host' in value "${spring.redis.host}"
Caused by: org.springframework.beans.factory.BeanCreationException: Error creating bean with name 'stringRedisTemplate' defined in class path resource [com/eason/transfer/openapi/user/config/RedisFactoryConfig.class]: Unexpected exception during bean creation; nested exception is java.lang.IllegalArgumentException: Could not resolve placeholder 'spring.redis.host' in value "${spring.redis.host}"
Caused by: java.lang.IllegalArgumentException: Could not resolve placeholder 'spring.redis.host' in value "${spring.redis.host}"

